<?xml version="1.0" encoding="UTF-8"?>
<!-- Generated by org.testng.reporters.JUnitXMLReporter -->
<testsuite hostname="LAPTOP-F7AT1HAA" ignored="0" name="Test" tests="4" failures="0" timestamp="24 Jun 2019 11:37:40 GMT" time="0.046" errors="0">
  <testcase name="BrowserAutomation" time="0.0" classname="mewmaven.oneTest"/>
  <testcase name="login" time="0.001" classname="mewmaven.oneTest"/>
  <testcase name="deletefb" time="0.0" classname="mewmaven.twoTest"/>
  <testcase name="deletetwitter" time="0.001" classname="mewmaven.twoTest"/>
</testsuite> <!-- Test -->
