<?xml version="1.0" encoding="UTF-8"?>
<testng-results skipped="0" failed="0" ignored="0" total="6" passed="6">
  <reporter-output>
  </reporter-output>
  <suite name="Command line suite" duration-ms="54" started-at="2019-06-24T11:48:56Z" finished-at="2019-06-24T11:48:56Z">
    <groups>
    </groups>
    <test name="Command line test" duration-ms="54" started-at="2019-06-24T11:48:56Z" finished-at="2019-06-24T11:48:56Z">
      <class name="mewmaven.threeTest">
        <test-method status="PASS" signature="openfb()[pri:0, instance:mewmaven.threeTest@7c0e2abd]" name="openfb" duration-ms="16" started-at="2019-06-24T11:48:56Z" finished-at="2019-06-24T11:48:56Z">
          <reporter-output>
          </reporter-output>
        </test-method> <!-- openfb -->
        <test-method status="PASS" signature="opentwitter()[pri:0, instance:mewmaven.threeTest@7c0e2abd]" name="opentwitter" duration-ms="0" started-at="2019-06-24T11:48:56Z" finished-at="2019-06-24T11:48:56Z">
          <reporter-output>
          </reporter-output>
        </test-method> <!-- opentwitter -->
      </class> <!-- mewmaven.threeTest -->
      <class name="mewmaven.oneTest">
        <test-method status="PASS" signature="BrowserAutomation()[pri:0, instance:mewmaven.oneTest@3c756e4d]" name="BrowserAutomation" duration-ms="7" started-at="2019-06-24T11:48:56Z" finished-at="2019-06-24T11:48:56Z">
          <reporter-output>
          </reporter-output>
        </test-method> <!-- BrowserAutomation -->
        <test-method status="PASS" signature="login()[pri:0, instance:mewmaven.oneTest@3c756e4d]" name="login" duration-ms="0" started-at="2019-06-24T11:48:56Z" finished-at="2019-06-24T11:48:56Z">
          <reporter-output>
          </reporter-output>
        </test-method> <!-- login -->
      </class> <!-- mewmaven.oneTest -->
      <class name="mewmaven.twoTest">
        <test-method status="PASS" signature="deletefb()[pri:0, instance:mewmaven.twoTest@48eff760]" name="deletefb" duration-ms="1" started-at="2019-06-24T11:48:56Z" finished-at="2019-06-24T11:48:56Z">
          <reporter-output>
          </reporter-output>
        </test-method> <!-- deletefb -->
        <test-method status="PASS" signature="deletetwitter()[pri:0, instance:mewmaven.twoTest@48eff760]" name="deletetwitter" duration-ms="1" started-at="2019-06-24T11:48:56Z" finished-at="2019-06-24T11:48:56Z">
          <reporter-output>
          </reporter-output>
        </test-method> <!-- deletetwitter -->
      </class> <!-- mewmaven.twoTest -->
    </test> <!-- Command line test -->
  </suite> <!-- Command line suite -->
</testng-results>
