<?xml version="1.0" encoding="UTF-8"?>
<testng-results skipped="0" failed="0" ignored="0" total="2" passed="2">
  <reporter-output>
  </reporter-output>
  <suite name="Default suite" duration-ms="42" started-at="2019-06-22T10:55:27Z" finished-at="2019-06-22T10:55:27Z">
    <groups>
    </groups>
    <test name="Default test" duration-ms="42" started-at="2019-06-22T10:55:27Z" finished-at="2019-06-22T10:55:27Z">
      <class name="mewmaven.test1">
        <test-method status="PASS" signature="BrowserAutomation()[pri:0, instance:mewmaven.test1@71318ec4]" name="BrowserAutomation" duration-ms="15" started-at="2019-06-22T10:55:27Z" finished-at="2019-06-22T10:55:27Z">
          <reporter-output>
          </reporter-output>
        </test-method> <!-- BrowserAutomation -->
        <test-method status="PASS" signature="login()[pri:0, instance:mewmaven.test1@71318ec4]" name="login" duration-ms="5" started-at="2019-06-22T10:55:27Z" finished-at="2019-06-22T10:55:27Z">
          <reporter-output>
          </reporter-output>
        </test-method> <!-- login -->
      </class> <!-- mewmaven.test1 -->
    </test> <!-- Default test -->
  </suite> <!-- Default suite -->
</testng-results>
